<?xml version="1.0" encoding="UTF-8"?>
<testsuite xmlns:xsi="http://www.w3.org/2001/XMLSchema-instance" xsi:noNamespaceSchemaLocation="https://maven.apache.org/surefire/maven-surefire-plugin/xsd/surefire-test-report.xsd" name="user.service.imp.UserServiceImpTest" time="0.013" tests="5" errors="0" skipped="0" failures="0">
  <properties>
[...]
</properties>
  <testcase name="getInfoById" classname="user.service.imp.UserServiceImpTest" time="0.001"/>
  <testcase name="delete" classname="user.service.imp.UserServiceImpTest" time="0"/>
  <testcase name="update" classname="user.service.imp.UserServiceImpTest" time="0"/>
  <testcase name="save" classname="user.service.imp.UserServiceImpTest" time="0"/>
  <testcase name="getUserList1" classname="user.service.imp.UserServiceImpTest" time="0.009"/>
</testsuite>